[2020-11-05T15:04:42.812] [INFO] logConsole -  POST - /api/login - {"userName":"小汪同学","password":"123"} 
[2020-11-05T15:04:42.872] [INFO] logConsole -  GET - /api/socketOnline? - {} 
[2020-11-05T15:04:44.853] [INFO] logConsole -  GET - /api/getEcharts?pageNum=1&pageSize=100 - {"pageNum":"1","pageSize":"100"} 
[2020-11-05T15:04:57.944] [INFO] logConsole -  GET - /api/getCode?cName=threedTags - {"cName":"threedTags"} 
[2020-11-05T15:04:59.771] [INFO] logConsole -  GET - /api/getCode?cName=threedTags - {"cName":"threedTags"} 
[2020-11-05T15:05:09.617] [INFO] logConsole -  GET - /api/getEcharts?pageNum=1&pageSize=100 - {"pageNum":"1","pageSize":"100"} 
[2020-11-05T15:05:11.388] [INFO] logConsole -  GET - /api/getEcharts?pageNum=1&pageSize=100 - {"pageNum":"1","pageSize":"100"} 
[2020-11-05T15:05:11.911] [INFO] logConsole -  GET - /api/getEcharts?pageNum=1&pageSize=100 - {"pageNum":"1","pageSize":"100"} 
[2020-11-05T15:05:13.037] [INFO] logConsole -  GET - /api/getEcharts?pageNum=1&pageSize=100 - {"pageNum":"1","pageSize":"100"} 
[2020-11-05T15:05:13.534] [INFO] logConsole -  GET - /api/getEcharts?pageNum=1&pageSize=100 - {"pageNum":"1","pageSize":"100"} 
[2020-11-05T15:05:14.835] [INFO] logConsole -  GET - /api/getEcharts?pageNum=1&pageSize=100 - {"pageNum":"1","pageSize":"100"} 
[2020-11-05T15:06:32.789] [INFO] logConsole -  GET - /api/socketOnline? - {} 
[2020-11-05T15:06:34.560] [INFO] logConsole -  GET - /api/getEcharts?pageNum=1&pageSize=100 - {"pageNum":"1","pageSize":"100"} 
[2020-11-05T15:10:05.190] [INFO] logConsole -  GET - /api/getCode?cName=hyTransitionList - {"cName":"hyTransitionList"} 
[2020-11-05T15:12:11.066] [INFO] logConsole -  GET - /api/getCode?cName=hyTransitionList - {"cName":"hyTransitionList"} 
[2020-11-05T15:13:28.721] [INFO] logConsole -  GET - /api/socketOnline? - {} 
[2020-11-05T15:13:29.867] [INFO] logConsole -  GET - /api/getCode?cName=hyTransitionList - {"cName":"hyTransitionList"} 
[2020-11-05T15:13:56.655] [INFO] logConsole -  GET - /api/socketOnline? - {} 
[2020-11-05T15:13:57.632] [INFO] logConsole -  GET - /api/getEcharts?pageNum=1&pageSize=100 - {"pageNum":"1","pageSize":"100"} 
[2020-11-05T15:13:57.858] [INFO] logConsole -  GET - /api/getCode?cName=hyTransitionList - {"cName":"hyTransitionList"} 
[2020-11-05T15:14:07.520] [INFO] logConsole -  GET - /api/socketOnline? - {} 
[2020-11-05T15:14:08.616] [INFO] logConsole -  GET - /api/getEcharts?pageNum=1&pageSize=100 - {"pageNum":"1","pageSize":"100"} 
[2020-11-05T15:14:09.063] [INFO] logConsole -  GET - /api/getCode?cName=hyTransitionList - {"cName":"hyTransitionList"} 
[2020-11-05T15:15:27.425] [INFO] logConsole -  GET - /api/getCode?uName=observerDOM - {"uName":"observerDOM"} 
[2020-11-05T15:15:31.662] [INFO] logConsole -  GET - /api/getCode?cName=threedTags - {"cName":"threedTags"} 
