[2020-10-26T16:47:21.034] [INFO] logConsole -  GET - / - {} 
[2020-10-26T16:47:21.072] [INFO] logConsole -  GET - /socket.io.js - {} 
[2020-10-26T16:47:21.112] [INFO] logConsole -  GET - /socket.io/?EIO=3&transport=polling&t=NLa5oeK - {"EIO":"3","transport":"polling","t":"NLa5oeK"} 
[2020-10-26T16:47:21.179] [INFO] logConsole -  GET - /favicon.ico - {} 
[2020-10-26T16:47:22.103] [INFO] logConsole -  GET - /socket.io/?EIO=3&transport=polling&t=NLa5otq - {"EIO":"3","transport":"polling","t":"NLa5otq"} 
[2020-10-26T16:47:24.896] [INFO] logConsole -  GET - /socket.io/?EIO=3&transport=polling&t=NLa5pZT - {"EIO":"3","transport":"polling","t":"NLa5pZT"} 
[2020-10-26T16:47:29.905] [INFO] logConsole -  GET - /socket.io/?EIO=3&transport=polling&t=NLa5qnk - {"EIO":"3","transport":"polling","t":"NLa5qnk"} 
[2020-10-26T16:47:34.915] [INFO] logConsole -  GET - /socket.io/?EIO=3&transport=polling&t=NLa5r__ - {"EIO":"3","transport":"polling","t":"NLa5r__"} 
[2020-10-26T16:47:39.923] [INFO] logConsole -  GET - /socket.io/?EIO=3&transport=polling&t=NLa5tEG - {"EIO":"3","transport":"polling","t":"NLa5tEG"} 
[2020-10-26T16:47:44.931] [INFO] logConsole -  GET - /socket.io/?EIO=3&transport=polling&t=NLa5uSW - {"EIO":"3","transport":"polling","t":"NLa5uSW"} 
[2020-10-26T16:47:49.940] [INFO] logConsole -  GET - /socket.io/?EIO=3&transport=polling&t=NLa5vgn - {"EIO":"3","transport":"polling","t":"NLa5vgn"} 
[2020-10-26T16:48:13.078] [INFO] logConsole -  GET - /socket.io/?EIO=3&transport=polling&t=NLa5-Sj - {"EIO":"3","transport":"polling","t":"NLa5-Sj"} 
[2020-10-26T16:48:14.114] [INFO] logConsole -  POST - /api/login - {"userName":"1","password":"1"} 
[2020-10-26T16:48:19.817] [INFO] logConsole -  GET - /socket.io/?EIO=3&transport=polling&t=NLa60zc - {"EIO":"3","transport":"polling","t":"NLa60zc"} 
[2020-10-26T16:48:26.819] [INFO] logConsole -  GET - /socket.io/?EIO=3&transport=polling&t=NLa62g- - {"EIO":"3","transport":"polling","t":"NLa62g-"} 
[2020-10-26T16:48:28.194] [INFO] logConsole -  POST - /api/login - {"userName":"1","password":"1"} 
[2020-10-26T16:48:33.818] [INFO] logConsole -  GET - /socket.io/?EIO=3&transport=polling&t=NLa64ON - {"EIO":"3","transport":"polling","t":"NLa64ON"} 
[2020-10-26T16:48:40.826] [INFO] logConsole -  GET - /socket.io/?EIO=3&transport=polling&t=NLa665l - {"EIO":"3","transport":"polling","t":"NLa665l"} 
[2020-10-26T16:48:47.819] [INFO] logConsole -  GET - /socket.io/?EIO=3&transport=polling&t=NLa67p7 - {"EIO":"3","transport":"polling","t":"NLa67p7"} 
[2020-10-26T16:48:54.818] [INFO] logConsole -  GET - /socket.io/?EIO=3&transport=polling&t=NLa69WU - {"EIO":"3","transport":"polling","t":"NLa69WU"} 
[2020-10-26T16:49:01.821] [INFO] logConsole -  GET - /socket.io/?EIO=3&transport=polling&t=NLa6BDs - {"EIO":"3","transport":"polling","t":"NLa6BDs"} 
[2020-10-26T16:49:08.817] [INFO] logConsole -  GET - /socket.io/?EIO=3&transport=polling&t=NLa6CxE - {"EIO":"3","transport":"polling","t":"NLa6CxE"} 
[2020-10-26T16:49:15.839] [INFO] logConsole -  GET - /socket.io/?EIO=3&transport=polling&t=NLa6Eee - {"EIO":"3","transport":"polling","t":"NLa6Eee"} 
[2020-10-26T16:49:22.818] [INFO] logConsole -  GET - /socket.io/?EIO=3&transport=polling&t=NLa6GL_ - {"EIO":"3","transport":"polling","t":"NLa6GL_"} 
[2020-10-26T16:49:29.818] [INFO] logConsole -  GET - /socket.io/?EIO=3&transport=polling&t=NLa6I3N - {"EIO":"3","transport":"polling","t":"NLa6I3N"} 
[2020-10-26T16:49:36.817] [INFO] logConsole -  GET - /socket.io/?EIO=3&transport=polling&t=NLa6Jmk - {"EIO":"3","transport":"polling","t":"NLa6Jmk"} 
[2020-10-26T16:49:43.819] [INFO] logConsole -  GET - /socket.io/?EIO=3&transport=polling&t=NLa6LU7 - {"EIO":"3","transport":"polling","t":"NLa6LU7"} 
[2020-10-26T16:49:50.818] [INFO] logConsole -  GET - /socket.io/?EIO=3&transport=polling&t=NLa6NBV - {"EIO":"3","transport":"polling","t":"NLa6NBV"} 
[2020-10-26T16:49:57.818] [INFO] logConsole -  GET - /socket.io/?EIO=3&transport=polling&t=NLa6Out - {"EIO":"3","transport":"polling","t":"NLa6Out"} 
[2020-10-26T16:50:04.820] [INFO] logConsole -  GET - /socket.io/?EIO=3&transport=polling&t=NLa6QcH - {"EIO":"3","transport":"polling","t":"NLa6QcH"} 
[2020-10-26T16:50:11.817] [INFO] logConsole -  GET - /socket.io/?EIO=3&transport=polling&t=NLa6SJd - {"EIO":"3","transport":"polling","t":"NLa6SJd"} 
[2020-10-26T16:50:18.818] [INFO] logConsole -  GET - /socket.io/?EIO=3&transport=polling&t=NLa6U0_ - {"EIO":"3","transport":"polling","t":"NLa6U0_"} 
[2020-10-26T16:50:25.818] [INFO] logConsole -  GET - /socket.io/?EIO=3&transport=polling&t=NLa6VkM - {"EIO":"3","transport":"polling","t":"NLa6VkM"} 
[2020-10-26T16:50:32.821] [INFO] logConsole -  GET - /socket.io/?EIO=3&transport=polling&t=NLa6XRl - {"EIO":"3","transport":"polling","t":"NLa6XRl"} 
[2020-10-26T16:50:39.818] [INFO] logConsole -  GET - /socket.io/?EIO=3&transport=polling&t=NLa6Z96 - {"EIO":"3","transport":"polling","t":"NLa6Z96"} 
[2020-10-26T16:50:46.818] [INFO] logConsole -  GET - /socket.io/?EIO=3&transport=polling&t=NLa6asU - {"EIO":"3","transport":"polling","t":"NLa6asU"} 
[2020-10-26T16:50:53.818] [INFO] logConsole -  GET - /socket.io/?EIO=3&transport=polling&t=NLa6cZt - {"EIO":"3","transport":"polling","t":"NLa6cZt"} 
[2020-10-26T16:51:00.821] [INFO] logConsole -  GET - /socket.io/?EIO=3&transport=polling&t=NLa6eHF - {"EIO":"3","transport":"polling","t":"NLa6eHF"} 
[2020-10-26T16:51:07.818] [INFO] logConsole -  GET - /socket.io/?EIO=3&transport=polling&t=NLa6f-c - {"EIO":"3","transport":"polling","t":"NLa6f-c"} 
[2020-10-26T16:51:14.819] [INFO] logConsole -  GET - /socket.io/?EIO=3&transport=polling&t=NLa6hh- - {"EIO":"3","transport":"polling","t":"NLa6hh-"} 
[2020-10-26T16:51:21.818] [INFO] logConsole -  GET - /socket.io/?EIO=3&transport=polling&t=NLa6jPM - {"EIO":"3","transport":"polling","t":"NLa6jPM"} 
[2020-10-26T16:51:28.820] [INFO] logConsole -  GET - /socket.io/?EIO=3&transport=polling&t=NLa6l6k - {"EIO":"3","transport":"polling","t":"NLa6l6k"} 
[2020-10-26T16:51:35.818] [INFO] logConsole -  GET - /socket.io/?EIO=3&transport=polling&t=NLa6mq6 - {"EIO":"3","transport":"polling","t":"NLa6mq6"} 
[2020-10-26T16:51:42.822] [INFO] logConsole -  GET - /socket.io/?EIO=3&transport=polling&t=NLa6oXV - {"EIO":"3","transport":"polling","t":"NLa6oXV"} 
[2020-10-26T16:51:49.818] [INFO] logConsole -  GET - /socket.io/?EIO=3&transport=polling&t=NLa6qEt - {"EIO":"3","transport":"polling","t":"NLa6qEt"} 
[2020-10-26T16:51:56.852] [INFO] logConsole -  GET - /socket.io/?EIO=3&transport=polling&t=NLa6ryH - {"EIO":"3","transport":"polling","t":"NLa6ryH"} 
[2020-10-26T16:52:03.866] [INFO] logConsole -  GET - /socket.io/?EIO=3&transport=polling&t=NLa6tfd - {"EIO":"3","transport":"polling","t":"NLa6tfd"} 
[2020-10-26T16:52:10.818] [INFO] logConsole -  GET - /socket.io/?EIO=3&transport=polling&t=NLa6vM- - {"EIO":"3","transport":"polling","t":"NLa6vM-"} 
[2020-10-26T16:52:17.818] [INFO] logConsole -  GET - /socket.io/?EIO=3&transport=polling&t=NLa6x4M - {"EIO":"3","transport":"polling","t":"NLa6x4M"} 
[2020-10-26T16:52:24.817] [INFO] logConsole -  GET - /socket.io/?EIO=3&transport=polling&t=NLa6ynj - {"EIO":"3","transport":"polling","t":"NLa6ynj"} 
[2020-10-26T16:52:31.818] [INFO] logConsole -  GET - /socket.io/?EIO=3&transport=polling&t=NLa6-V7 - {"EIO":"3","transport":"polling","t":"NLa6-V7"} 
[2020-10-26T16:52:38.832] [INFO] logConsole -  GET - /socket.io/?EIO=3&transport=polling&t=NLa70CV - {"EIO":"3","transport":"polling","t":"NLa70CV"} 
[2020-10-26T16:52:45.825] [INFO] logConsole -  GET - /socket.io/?EIO=3&transport=polling&t=NLa71vs - {"EIO":"3","transport":"polling","t":"NLa71vs"} 
[2020-10-26T16:52:52.821] [INFO] logConsole -  GET - /socket.io/?EIO=3&transport=polling&t=NLa73dE - {"EIO":"3","transport":"polling","t":"NLa73dE"} 
[2020-10-26T16:52:59.819] [INFO] logConsole -  GET - /socket.io/?EIO=3&transport=polling&t=NLa75Kc - {"EIO":"3","transport":"polling","t":"NLa75Kc"} 
[2020-10-26T16:53:06.818] [INFO] logConsole -  GET - /socket.io/?EIO=3&transport=polling&t=NLa771- - {"EIO":"3","transport":"polling","t":"NLa771-"} 
[2020-10-26T16:53:13.820] [INFO] logConsole -  GET - /socket.io/?EIO=3&transport=polling&t=NLa78lM - {"EIO":"3","transport":"polling","t":"NLa78lM"} 
[2020-10-26T16:53:20.819] [INFO] logConsole -  GET - /socket.io/?EIO=3&transport=polling&t=NLa7ASk - {"EIO":"3","transport":"polling","t":"NLa7ASk"} 
[2020-10-26T16:53:27.819] [INFO] logConsole -  GET - /socket.io/?EIO=3&transport=polling&t=NLa7CA7 - {"EIO":"3","transport":"polling","t":"NLa7CA7"} 
[2020-10-26T16:53:34.818] [INFO] logConsole -  GET - /socket.io/?EIO=3&transport=polling&t=NLa7DtV - {"EIO":"3","transport":"polling","t":"NLa7DtV"} 
[2020-10-26T16:53:41.818] [INFO] logConsole -  GET - /socket.io/?EIO=3&transport=polling&t=NLa7Fas - {"EIO":"3","transport":"polling","t":"NLa7Fas"} 
[2020-10-26T16:53:48.824] [INFO] logConsole -  GET - /socket.io/?EIO=3&transport=polling&t=NLa7HIF - {"EIO":"3","transport":"polling","t":"NLa7HIF"} 
[2020-10-26T16:53:55.818] [INFO] logConsole -  GET - /socket.io/?EIO=3&transport=polling&t=NLa7I_c - {"EIO":"3","transport":"polling","t":"NLa7I_c"} 
[2020-10-26T16:54:02.818] [INFO] logConsole -  GET - /socket.io/?EIO=3&transport=polling&t=NLa7Ki_ - {"EIO":"3","transport":"polling","t":"NLa7Ki_"} 
[2020-10-26T16:54:09.818] [INFO] logConsole -  GET - /socket.io/?EIO=3&transport=polling&t=NLa7MQM - {"EIO":"3","transport":"polling","t":"NLa7MQM"} 
[2020-10-26T16:54:16.818] [INFO] logConsole -  GET - /socket.io/?EIO=3&transport=polling&t=NLa7O7k - {"EIO":"3","transport":"polling","t":"NLa7O7k"} 
[2020-10-26T16:54:23.819] [INFO] logConsole -  GET - /socket.io/?EIO=3&transport=polling&t=NLa7Pr7 - {"EIO":"3","transport":"polling","t":"NLa7Pr7"} 
[2020-10-26T16:54:30.818] [INFO] logConsole -  GET - /socket.io/?EIO=3&transport=polling&t=NLa7RYV - {"EIO":"3","transport":"polling","t":"NLa7RYV"} 
[2020-10-26T16:54:37.818] [INFO] logConsole -  GET - /socket.io/?EIO=3&transport=polling&t=NLa7TFt - {"EIO":"3","transport":"polling","t":"NLa7TFt"} 
[2020-10-26T16:54:44.818] [INFO] logConsole -  GET - /socket.io/?EIO=3&transport=polling&t=NLa7UzE - {"EIO":"3","transport":"polling","t":"NLa7UzE"} 
[2020-10-26T16:54:51.818] [INFO] logConsole -  GET - /socket.io/?EIO=3&transport=polling&t=NLa7Wgc - {"EIO":"3","transport":"polling","t":"NLa7Wgc"} 
[2020-10-26T16:54:58.819] [INFO] logConsole -  GET - /socket.io/?EIO=3&transport=polling&t=NLa7YN_ - {"EIO":"3","transport":"polling","t":"NLa7YN_"} 
[2020-10-26T16:55:06.576] [INFO] logConsole -  GET - /socket.io/?EIO=3&transport=polling&t=NLa7a5O - {"EIO":"3","transport":"polling","t":"NLa7a5O"} 
[2020-10-26T16:55:12.822] [INFO] logConsole -  GET - /socket.io/?EIO=3&transport=polling&t=NLa7bol - {"EIO":"3","transport":"polling","t":"NLa7bol"} 
[2020-10-26T16:55:19.818] [INFO] logConsole -  GET - /socket.io/?EIO=3&transport=polling&t=NLa7dW6 - {"EIO":"3","transport":"polling","t":"NLa7dW6"} 
[2020-10-26T16:55:26.818] [INFO] logConsole -  GET - /socket.io/?EIO=3&transport=polling&t=NLa7fDV - {"EIO":"3","transport":"polling","t":"NLa7fDV"} 
[2020-10-26T16:55:33.821] [INFO] logConsole -  GET - /socket.io/?EIO=3&transport=polling&t=NLa7gwt - {"EIO":"3","transport":"polling","t":"NLa7gwt"} 
[2020-10-26T16:55:40.819] [INFO] logConsole -  GET - /socket.io/?EIO=3&transport=polling&t=NLa7ieG - {"EIO":"3","transport":"polling","t":"NLa7ieG"} 
[2020-10-26T16:55:47.822] [INFO] logConsole -  GET - /socket.io/?EIO=3&transport=polling&t=NLa7kLc - {"EIO":"3","transport":"polling","t":"NLa7kLc"} 
[2020-10-26T16:55:54.824] [INFO] logConsole -  GET - /socket.io/?EIO=3&transport=polling&t=NLa7m2_ - {"EIO":"3","transport":"polling","t":"NLa7m2_"} 
[2020-10-26T16:56:01.819] [INFO] logConsole -  GET - /socket.io/?EIO=3&transport=polling&t=NLa7nmN - {"EIO":"3","transport":"polling","t":"NLa7nmN"} 
[2020-10-26T16:56:08.821] [INFO] logConsole -  GET - /socket.io/?EIO=3&transport=polling&t=NLa7pTk - {"EIO":"3","transport":"polling","t":"NLa7pTk"} 
[2020-10-26T16:57:00.073] [INFO] logConsole -  GET - /socket.io/?EIO=3&transport=polling&t=NLa7_wc - {"EIO":"3","transport":"polling","t":"NLa7_wc"} 
[2020-10-26T16:57:06.819] [INFO] logConsole -  GET - /socket.io/?EIO=3&transport=polling&t=NLa81e0 - {"EIO":"3","transport":"polling","t":"NLa81e0"} 
[2020-10-26T16:57:13.819] [INFO] logConsole -  GET - /socket.io/?EIO=3&transport=polling&t=NLa83LN - {"EIO":"3","transport":"polling","t":"NLa83LN"} 
[2020-10-26T16:57:20.818] [INFO] logConsole -  GET - /socket.io/?EIO=3&transport=polling&t=NLa852l - {"EIO":"3","transport":"polling","t":"NLa852l"} 
[2020-10-26T16:57:27.819] [INFO] logConsole -  GET - /socket.io/?EIO=3&transport=polling&t=NLa86m7 - {"EIO":"3","transport":"polling","t":"NLa86m7"} 
[2020-10-26T16:58:18.826] [INFO] logConsole -  GET - /socket.io/?EIO=3&transport=polling&t=NLa8JC_ - {"EIO":"3","transport":"polling","t":"NLa8JC_"} 
[2020-10-26T16:58:25.818] [INFO] logConsole -  GET - /socket.io/?EIO=3&transport=polling&t=NLa8KwN - {"EIO":"3","transport":"polling","t":"NLa8KwN"} 
[2020-10-26T16:58:32.819] [INFO] logConsole -  GET - /socket.io/?EIO=3&transport=polling&t=NLa8Mdk - {"EIO":"3","transport":"polling","t":"NLa8Mdk"} 
[2020-10-26T16:58:39.818] [INFO] logConsole -  GET - /socket.io/?EIO=3&transport=polling&t=NLa8OL6 - {"EIO":"3","transport":"polling","t":"NLa8OL6"} 
[2020-10-26T16:58:46.819] [INFO] logConsole -  GET - /socket.io/?EIO=3&transport=polling&t=NLa8Q2W - {"EIO":"3","transport":"polling","t":"NLa8Q2W"} 
[2020-10-26T16:58:53.818] [INFO] logConsole -  GET - /socket.io/?EIO=3&transport=polling&t=NLa8Rls - {"EIO":"3","transport":"polling","t":"NLa8Rls"} 
[2020-10-26T16:59:00.818] [INFO] logConsole -  GET - /socket.io/?EIO=3&transport=polling&t=NLa8TTE - {"EIO":"3","transport":"polling","t":"NLa8TTE"} 
[2020-10-26T16:59:07.817] [INFO] logConsole -  GET - /socket.io/?EIO=3&transport=polling&t=NLa8VAc - {"EIO":"3","transport":"polling","t":"NLa8VAc"} 
[2020-10-26T16:59:14.818] [INFO] logConsole -  GET - /socket.io/?EIO=3&transport=polling&t=NLa8Wt_ - {"EIO":"3","transport":"polling","t":"NLa8Wt_"} 
[2020-10-26T16:59:21.822] [INFO] logConsole -  GET - /socket.io/?EIO=3&transport=polling&t=NLa8YbM - {"EIO":"3","transport":"polling","t":"NLa8YbM"} 
[2020-10-26T16:59:28.819] [INFO] logConsole -  GET - /socket.io/?EIO=3&transport=polling&t=NLa8aIk - {"EIO":"3","transport":"polling","t":"NLa8aIk"} 
[2020-10-26T16:59:35.824] [INFO] logConsole -  GET - /socket.io/?EIO=3&transport=polling&t=NLa8c07 - {"EIO":"3","transport":"polling","t":"NLa8c07"} 
[2020-10-26T16:59:42.820] [INFO] logConsole -  GET - /socket.io/?EIO=3&transport=polling&t=NLa8djV - {"EIO":"3","transport":"polling","t":"NLa8djV"} 
[2020-10-26T16:59:49.818] [INFO] logConsole -  GET - /socket.io/?EIO=3&transport=polling&t=NLa8fQs - {"EIO":"3","transport":"polling","t":"NLa8fQs"} 
[2020-10-26T16:59:56.817] [INFO] logConsole -  GET - /socket.io/?EIO=3&transport=polling&t=NLa8h8F - {"EIO":"3","transport":"polling","t":"NLa8h8F"} 
[2020-10-26T17:00:03.820] [INFO] logConsole -  GET - /socket.io/?EIO=3&transport=polling&t=NLa8ird - {"EIO":"3","transport":"polling","t":"NLa8ird"} 
[2020-10-26T17:00:10.818] [INFO] logConsole -  GET - /socket.io/?EIO=3&transport=polling&t=NLa8kY_ - {"EIO":"3","transport":"polling","t":"NLa8kY_"} 
[2020-10-26T17:00:17.817] [INFO] logConsole -  GET - /socket.io/?EIO=3&transport=polling&t=NLa8mGN - {"EIO":"3","transport":"polling","t":"NLa8mGN"} 
[2020-10-26T17:00:24.818] [INFO] logConsole -  GET - /socket.io/?EIO=3&transport=polling&t=NLa8nzl - {"EIO":"3","transport":"polling","t":"NLa8nzl"} 
[2020-10-26T17:00:31.818] [INFO] logConsole -  GET - /socket.io/?EIO=3&transport=polling&t=NLa8ph7 - {"EIO":"3","transport":"polling","t":"NLa8ph7"} 
[2020-10-26T17:00:38.818] [INFO] logConsole -  GET - /socket.io/?EIO=3&transport=polling&t=NLa8rOV - {"EIO":"3","transport":"polling","t":"NLa8rOV"} 
[2020-10-26T17:00:45.818] [INFO] logConsole -  GET - /socket.io/?EIO=3&transport=polling&t=NLa8t5t - {"EIO":"3","transport":"polling","t":"NLa8t5t"} 
[2020-10-26T17:00:52.818] [INFO] logConsole -  GET - /socket.io/?EIO=3&transport=polling&t=NLa8upF - {"EIO":"3","transport":"polling","t":"NLa8upF"} 
[2020-10-26T17:00:59.818] [INFO] logConsole -  GET - /socket.io/?EIO=3&transport=polling&t=NLa8wWd - {"EIO":"3","transport":"polling","t":"NLa8wWd"} 
[2020-10-26T17:01:06.818] [INFO] logConsole -  GET - /socket.io/?EIO=3&transport=polling&t=NLa8yD_ - {"EIO":"3","transport":"polling","t":"NLa8yD_"} 
[2020-10-26T17:01:13.823] [INFO] logConsole -  GET - /socket.io/?EIO=3&transport=polling&t=NLa8zxN - {"EIO":"3","transport":"polling","t":"NLa8zxN"} 
[2020-10-26T17:01:20.818] [INFO] logConsole -  GET - /socket.io/?EIO=3&transport=polling&t=NLa8_el - {"EIO":"3","transport":"polling","t":"NLa8_el"} 
[2020-10-26T17:01:27.833] [INFO] logConsole -  GET - /socket.io/?EIO=3&transport=polling&t=NLa91M9 - {"EIO":"3","transport":"polling","t":"NLa91M9"} 
[2020-10-26T17:01:34.818] [INFO] logConsole -  GET - /socket.io/?EIO=3&transport=polling&t=NLa933V - {"EIO":"3","transport":"polling","t":"NLa933V"} 
[2020-10-26T17:01:41.819] [INFO] logConsole -  GET - /socket.io/?EIO=3&transport=polling&t=NLa94mt - {"EIO":"3","transport":"polling","t":"NLa94mt"} 
[2020-10-26T17:01:48.818] [INFO] logConsole -  GET - /socket.io/?EIO=3&transport=polling&t=NLa96UF - {"EIO":"3","transport":"polling","t":"NLa96UF"} 
[2020-10-26T17:01:55.820] [INFO] logConsole -  GET - /socket.io/?EIO=3&transport=polling&t=NLa98Bd - {"EIO":"3","transport":"polling","t":"NLa98Bd"} 
[2020-10-26T17:02:02.818] [INFO] logConsole -  GET - /socket.io/?EIO=3&transport=polling&t=NLa99u- - {"EIO":"3","transport":"polling","t":"NLa99u-"} 
[2020-10-26T17:02:09.820] [INFO] logConsole -  GET - /socket.io/?EIO=3&transport=polling&t=NLa9BcN - {"EIO":"3","transport":"polling","t":"NLa9BcN"} 
[2020-10-26T17:02:16.820] [INFO] logConsole -  GET - /socket.io/?EIO=3&transport=polling&t=NLa9DJl - {"EIO":"3","transport":"polling","t":"NLa9DJl"} 
[2020-10-26T17:02:23.819] [INFO] logConsole -  GET - /socket.io/?EIO=3&transport=polling&t=NLa9F17 - {"EIO":"3","transport":"polling","t":"NLa9F17"} 
[2020-10-26T17:02:30.817] [INFO] logConsole -  GET - /socket.io/?EIO=3&transport=polling&t=NLa9GkV - {"EIO":"3","transport":"polling","t":"NLa9GkV"} 
[2020-10-26T17:02:37.817] [INFO] logConsole -  GET - /socket.io/?EIO=3&transport=polling&t=NLa9IRt - {"EIO":"3","transport":"polling","t":"NLa9IRt"} 
[2020-10-26T17:02:44.818] [INFO] logConsole -  GET - /socket.io/?EIO=3&transport=polling&t=NLa9K9F - {"EIO":"3","transport":"polling","t":"NLa9K9F"} 
[2020-10-26T17:02:51.820] [INFO] logConsole -  GET - /socket.io/?EIO=3&transport=polling&t=NLa9Lsf - {"EIO":"3","transport":"polling","t":"NLa9Lsf"} 
[2020-10-26T17:02:58.818] [INFO] logConsole -  GET - /socket.io/?EIO=3&transport=polling&t=NLa9NZ_ - {"EIO":"3","transport":"polling","t":"NLa9NZ_"} 
[2020-10-26T17:03:05.818] [INFO] logConsole -  GET - /socket.io/?EIO=3&transport=polling&t=NLa9PHN - {"EIO":"3","transport":"polling","t":"NLa9PHN"} 
[2020-10-26T17:03:12.817] [INFO] logConsole -  GET - /socket.io/?EIO=3&transport=polling&t=NLa9Q-l - {"EIO":"3","transport":"polling","t":"NLa9Q-l"} 
[2020-10-26T17:03:19.818] [INFO] logConsole -  GET - /socket.io/?EIO=3&transport=polling&t=NLa9Si7 - {"EIO":"3","transport":"polling","t":"NLa9Si7"} 
[2020-10-26T17:03:26.836] [INFO] logConsole -  GET - /socket.io/?EIO=3&transport=polling&t=NLa9UPV - {"EIO":"3","transport":"polling","t":"NLa9UPV"} 
[2020-10-26T17:03:33.818] [INFO] logConsole -  GET - /socket.io/?EIO=3&transport=polling&t=NLa9W6t - {"EIO":"3","transport":"polling","t":"NLa9W6t"} 
[2020-10-26T17:03:40.818] [INFO] logConsole -  GET - /socket.io/?EIO=3&transport=polling&t=NLa9XqF - {"EIO":"3","transport":"polling","t":"NLa9XqF"} 
[2020-10-26T17:03:47.818] [INFO] logConsole -  GET - /socket.io/?EIO=3&transport=polling&t=NLa9ZXd - {"EIO":"3","transport":"polling","t":"NLa9ZXd"} 
[2020-10-26T17:03:54.819] [INFO] logConsole -  GET - /socket.io/?EIO=3&transport=polling&t=NLa9bE_ - {"EIO":"3","transport":"polling","t":"NLa9bE_"} 
[2020-10-26T17:04:01.818] [INFO] logConsole -  GET - /socket.io/?EIO=3&transport=polling&t=NLa9cyM - {"EIO":"3","transport":"polling","t":"NLa9cyM"} 
[2020-10-26T17:04:08.818] [INFO] logConsole -  GET - /socket.io/?EIO=3&transport=polling&t=NLa9efk - {"EIO":"3","transport":"polling","t":"NLa9efk"} 
[2020-10-26T17:04:15.818] [INFO] logConsole -  GET - /socket.io/?EIO=3&transport=polling&t=NLa9gN7 - {"EIO":"3","transport":"polling","t":"NLa9gN7"} 
[2020-10-26T17:04:22.818] [INFO] logConsole -  GET - /socket.io/?EIO=3&transport=polling&t=NLa9i4V - {"EIO":"3","transport":"polling","t":"NLa9i4V"} 
[2020-10-26T17:04:29.818] [INFO] logConsole -  GET - /socket.io/?EIO=3&transport=polling&t=NLa9jnt - {"EIO":"3","transport":"polling","t":"NLa9jnt"} 
[2020-10-26T17:04:36.818] [INFO] logConsole -  GET - /socket.io/?EIO=3&transport=polling&t=NLa9lVF - {"EIO":"3","transport":"polling","t":"NLa9lVF"} 
[2020-10-26T17:04:43.817] [INFO] logConsole -  GET - /socket.io/?EIO=3&transport=polling&t=NLa9nCd - {"EIO":"3","transport":"polling","t":"NLa9nCd"} 
[2020-10-26T17:04:50.818] [INFO] logConsole -  GET - /socket.io/?EIO=3&transport=polling&t=NLa9ov_ - {"EIO":"3","transport":"polling","t":"NLa9ov_"} 
[2020-10-26T17:04:57.819] [INFO] logConsole -  GET - /socket.io/?EIO=3&transport=polling&t=NLa9qdM - {"EIO":"3","transport":"polling","t":"NLa9qdM"} 
[2020-10-26T17:05:04.818] [INFO] logConsole -  GET - /socket.io/?EIO=3&transport=polling&t=NLa9sKl - {"EIO":"3","transport":"polling","t":"NLa9sKl"} 
[2020-10-26T17:05:11.819] [INFO] logConsole -  GET - /socket.io/?EIO=3&transport=polling&t=NLa9u27 - {"EIO":"3","transport":"polling","t":"NLa9u27"} 
[2020-10-26T17:05:18.818] [INFO] logConsole -  GET - /socket.io/?EIO=3&transport=polling&t=NLa9vlU - {"EIO":"3","transport":"polling","t":"NLa9vlU"} 
[2020-10-26T17:05:25.817] [INFO] logConsole -  GET - /socket.io/?EIO=3&transport=polling&t=NLa9xSs - {"EIO":"3","transport":"polling","t":"NLa9xSs"} 
[2020-10-26T17:05:32.818] [INFO] logConsole -  GET - /socket.io/?EIO=3&transport=polling&t=NLa9zAF - {"EIO":"3","transport":"polling","t":"NLa9zAF"} 
[2020-10-26T17:08:16.462] [INFO] logConsole -  GET - /socket.io/?EIO=3&transport=polling&t=NLaAaTt - {"EIO":"3","transport":"polling","t":"NLaAaTt"} 
[2020-10-26T17:08:22.818] [INFO] logConsole -  GET - /socket.io/?EIO=3&transport=polling&t=NLaAcgU - {"EIO":"3","transport":"polling","t":"NLaAcgU"} 
[2020-10-26T17:08:29.819] [INFO] logConsole -  GET - /socket.io/?EIO=3&transport=polling&t=NLaAeNs - {"EIO":"3","transport":"polling","t":"NLaAeNs"} 
[2020-10-26T17:08:37.734] [INFO] logConsole -  GET - /socket.io/?EIO=3&transport=polling&t=NLaAg5F - {"EIO":"3","transport":"polling","t":"NLaAg5F"} 
[2020-10-26T17:08:43.817] [INFO] logConsole -  GET - /socket.io/?EIO=3&transport=polling&t=NLaAhoc - {"EIO":"3","transport":"polling","t":"NLaAhoc"} 
[2020-10-26T17:08:51.822] [INFO] logConsole -  GET - /socket.io/?EIO=3&transport=polling&t=NLaAjV- - {"EIO":"3","transport":"polling","t":"NLaAjV-"} 
[2020-10-26T17:08:58.818] [INFO] logConsole -  GET - /socket.io/?EIO=3&transport=polling&t=NLaAlS_ - {"EIO":"3","transport":"polling","t":"NLaAlS_"} 
[2020-10-26T17:09:05.821] [INFO] logConsole -  GET - /socket.io/?EIO=3&transport=polling&t=NLaAnAM - {"EIO":"3","transport":"polling","t":"NLaAnAM"} 
[2020-10-26T17:09:12.829] [INFO] logConsole -  GET - /socket.io/?EIO=3&transport=polling&t=NLaAotl - {"EIO":"3","transport":"polling","t":"NLaAotl"} 
[2020-10-26T17:09:19.818] [INFO] logConsole -  GET - /socket.io/?EIO=3&transport=polling&t=NLaAqb7 - {"EIO":"3","transport":"polling","t":"NLaAqb7"} 
[2020-10-26T17:09:26.822] [INFO] logConsole -  GET - /socket.io/?EIO=3&transport=polling&t=NLaAsIV - {"EIO":"3","transport":"polling","t":"NLaAsIV"} 
[2020-10-26T17:09:33.849] [INFO] logConsole -  GET - /socket.io/?EIO=3&transport=polling&t=NLaAt_s - {"EIO":"3","transport":"polling","t":"NLaAt_s"} 
[2020-10-26T17:09:40.823] [INFO] logConsole -  GET - /socket.io/?EIO=3&transport=polling&t=NLaAvjF - {"EIO":"3","transport":"polling","t":"NLaAvjF"} 
[2020-10-26T17:09:47.821] [INFO] logConsole -  GET - /socket.io/?EIO=3&transport=polling&t=NLaAxQd - {"EIO":"3","transport":"polling","t":"NLaAxQd"} 
[2020-10-26T17:09:54.819] [INFO] logConsole -  GET - /socket.io/?EIO=3&transport=polling&t=NLaAz80 - {"EIO":"3","transport":"polling","t":"NLaAz80"} 
[2020-10-26T17:10:01.817] [INFO] logConsole -  GET - /socket.io/?EIO=3&transport=polling&t=NLaA-rN - {"EIO":"3","transport":"polling","t":"NLaA-rN"} 
[2020-10-26T17:10:08.817] [INFO] logConsole -  GET - /socket.io/?EIO=3&transport=polling&t=NLaB0Yk - {"EIO":"3","transport":"polling","t":"NLaB0Yk"} 
[2020-10-26T17:10:15.820] [INFO] logConsole -  GET - /socket.io/?EIO=3&transport=polling&t=NLaB2G9 - {"EIO":"3","transport":"polling","t":"NLaB2G9"} 
[2020-10-26T17:10:22.821] [INFO] logConsole -  GET - /socket.io/?EIO=3&transport=polling&t=NLaB3zV - {"EIO":"3","transport":"polling","t":"NLaB3zV"} 
[2020-10-26T17:10:29.819] [INFO] logConsole -  GET - /socket.io/?EIO=3&transport=polling&t=NLaB5gt - {"EIO":"3","transport":"polling","t":"NLaB5gt"} 
[2020-10-26T17:10:36.821] [INFO] logConsole -  GET - /socket.io/?EIO=3&transport=polling&t=NLaB7OE - {"EIO":"3","transport":"polling","t":"NLaB7OE"} 
[2020-10-26T17:10:43.818] [INFO] logConsole -  GET - /socket.io/?EIO=3&transport=polling&t=NLaB95d - {"EIO":"3","transport":"polling","t":"NLaB95d"} 
[2020-10-26T17:10:50.819] [INFO] logConsole -  GET - /socket.io/?EIO=3&transport=polling&t=NLaBAo_ - {"EIO":"3","transport":"polling","t":"NLaBAo_"} 
[2020-10-26T17:10:57.825] [INFO] logConsole -  GET - /socket.io/?EIO=3&transport=polling&t=NLaBCWN - {"EIO":"3","transport":"polling","t":"NLaBCWN"} 
[2020-10-26T17:11:04.819] [INFO] logConsole -  GET - /socket.io/?EIO=3&transport=polling&t=NLaBEDk - {"EIO":"3","transport":"polling","t":"NLaBEDk"} 
[2020-10-26T17:11:11.818] [INFO] logConsole -  GET - /socket.io/?EIO=3&transport=polling&t=NLaBFx7 - {"EIO":"3","transport":"polling","t":"NLaBFx7"} 
[2020-10-26T17:11:18.818] [INFO] logConsole -  GET - /socket.io/?EIO=3&transport=polling&t=NLaBHeV - {"EIO":"3","transport":"polling","t":"NLaBHeV"} 
[2020-10-26T17:11:25.818] [INFO] logConsole -  GET - /socket.io/?EIO=3&transport=polling&t=NLaBJLs - {"EIO":"3","transport":"polling","t":"NLaBJLs"} 
[2020-10-26T17:11:32.822] [INFO] logConsole -  GET - /socket.io/?EIO=3&transport=polling&t=NLaBL3E - {"EIO":"3","transport":"polling","t":"NLaBL3E"} 
[2020-10-26T17:11:39.819] [INFO] logConsole -  GET - /socket.io/?EIO=3&transport=polling&t=NLaBMmc - {"EIO":"3","transport":"polling","t":"NLaBMmc"} 
[2020-10-26T17:11:46.818] [INFO] logConsole -  GET - /socket.io/?EIO=3&transport=polling&t=NLaBOT_ - {"EIO":"3","transport":"polling","t":"NLaBOT_"} 
[2020-10-26T17:11:53.818] [INFO] logConsole -  GET - /socket.io/?EIO=3&transport=polling&t=NLaBQBN - {"EIO":"3","transport":"polling","t":"NLaBQBN"} 
[2020-10-26T17:12:00.818] [INFO] logConsole -  GET - /socket.io/?EIO=3&transport=polling&t=NLaBRuk - {"EIO":"3","transport":"polling","t":"NLaBRuk"} 
[2020-10-26T17:12:07.818] [INFO] logConsole -  GET - /socket.io/?EIO=3&transport=polling&t=NLaBTc6 - {"EIO":"3","transport":"polling","t":"NLaBTc6"} 
[2020-10-26T17:12:14.819] [INFO] logConsole -  GET - /socket.io/?EIO=3&transport=polling&t=NLaBVJU - {"EIO":"3","transport":"polling","t":"NLaBVJU"} 
[2020-10-26T17:12:21.818] [INFO] logConsole -  GET - /socket.io/?EIO=3&transport=polling&t=NLaBX0s - {"EIO":"3","transport":"polling","t":"NLaBX0s"} 
[2020-10-26T17:12:28.819] [INFO] logConsole -  GET - /socket.io/?EIO=3&transport=polling&t=NLaBYkE - {"EIO":"3","transport":"polling","t":"NLaBYkE"} 
[2020-10-26T17:12:35.819] [INFO] logConsole -  GET - /socket.io/?EIO=3&transport=polling&t=NLaBaRd - {"EIO":"3","transport":"polling","t":"NLaBaRd"} 
[2020-10-26T17:12:42.820] [INFO] logConsole -  GET - /socket.io/?EIO=3&transport=polling&t=NLaBc8_ - {"EIO":"3","transport":"polling","t":"NLaBc8_"} 
[2020-10-26T17:12:49.818] [INFO] logConsole -  GET - /socket.io/?EIO=3&transport=polling&t=NLaBdsN - {"EIO":"3","transport":"polling","t":"NLaBdsN"} 
[2020-10-26T17:12:56.818] [INFO] logConsole -  GET - /socket.io/?EIO=3&transport=polling&t=NLaBfZl - {"EIO":"3","transport":"polling","t":"NLaBfZl"} 
[2020-10-26T17:13:03.819] [INFO] logConsole -  GET - /socket.io/?EIO=3&transport=polling&t=NLaBhH7 - {"EIO":"3","transport":"polling","t":"NLaBhH7"} 
[2020-10-26T17:13:10.818] [INFO] logConsole -  GET - /socket.io/?EIO=3&transport=polling&t=NLaBi-V - {"EIO":"3","transport":"polling","t":"NLaBi-V"} 
[2020-10-26T17:13:17.818] [INFO] logConsole -  GET - /socket.io/?EIO=3&transport=polling&t=NLaBkht - {"EIO":"3","transport":"polling","t":"NLaBkht"} 
[2020-10-26T17:13:24.818] [INFO] logConsole -  GET - /socket.io/?EIO=3&transport=polling&t=NLaBmPF - {"EIO":"3","transport":"polling","t":"NLaBmPF"} 
[2020-10-26T17:13:31.818] [INFO] logConsole -  GET - /socket.io/?EIO=3&transport=polling&t=NLaBo6d - {"EIO":"3","transport":"polling","t":"NLaBo6d"} 
[2020-10-26T17:13:38.818] [INFO] logConsole -  GET - /socket.io/?EIO=3&transport=polling&t=NLaBpp- - {"EIO":"3","transport":"polling","t":"NLaBpp-"} 
[2020-10-26T17:13:45.818] [INFO] logConsole -  GET - /socket.io/?EIO=3&transport=polling&t=NLaBrXN - {"EIO":"3","transport":"polling","t":"NLaBrXN"} 
[2020-10-26T17:13:52.818] [INFO] logConsole -  GET - /socket.io/?EIO=3&transport=polling&t=NLaBtEl - {"EIO":"3","transport":"polling","t":"NLaBtEl"} 
[2020-10-26T17:13:59.818] [INFO] logConsole -  GET - /socket.io/?EIO=3&transport=polling&t=NLaBuy7 - {"EIO":"3","transport":"polling","t":"NLaBuy7"} 
[2020-10-26T17:14:06.826] [INFO] logConsole -  GET - /socket.io/?EIO=3&transport=polling&t=NLaBwfU - {"EIO":"3","transport":"polling","t":"NLaBwfU"} 
[2020-10-26T17:14:13.821] [INFO] logConsole -  GET - /socket.io/?EIO=3&transport=polling&t=NLaByMt - {"EIO":"3","transport":"polling","t":"NLaByMt"} 
[2020-10-26T17:14:20.818] [INFO] logConsole -  GET - /socket.io/?EIO=3&transport=polling&t=NLaB-4F - {"EIO":"3","transport":"polling","t":"NLaB-4F"} 
[2020-10-26T17:14:27.819] [INFO] logConsole -  GET - /socket.io/?EIO=3&transport=polling&t=NLaB_nd - {"EIO":"3","transport":"polling","t":"NLaB_nd"} 
[2020-10-26T17:14:34.818] [INFO] logConsole -  GET - /socket.io/?EIO=3&transport=polling&t=NLaC1U- - {"EIO":"3","transport":"polling","t":"NLaC1U-"} 
[2020-10-26T17:14:41.823] [INFO] logConsole -  GET - /socket.io/?EIO=3&transport=polling&t=NLaC3CN - {"EIO":"3","transport":"polling","t":"NLaC3CN"} 
[2020-10-26T17:14:48.820] [INFO] logConsole -  GET - /socket.io/?EIO=3&transport=polling&t=NLaC4vl - {"EIO":"3","transport":"polling","t":"NLaC4vl"} 
[2020-10-26T17:14:55.818] [INFO] logConsole -  GET - /socket.io/?EIO=3&transport=polling&t=NLaC6d7 - {"EIO":"3","transport":"polling","t":"NLaC6d7"} 
[2020-10-26T17:15:02.819] [INFO] logConsole -  GET - /socket.io/?EIO=3&transport=polling&t=NLaC8KV - {"EIO":"3","transport":"polling","t":"NLaC8KV"} 
[2020-10-26T17:15:09.818] [INFO] logConsole -  GET - /socket.io/?EIO=3&transport=polling&t=NLaCA1t - {"EIO":"3","transport":"polling","t":"NLaCA1t"} 
[2020-10-26T17:15:16.819] [INFO] logConsole -  GET - /socket.io/?EIO=3&transport=polling&t=NLaCBlF - {"EIO":"3","transport":"polling","t":"NLaCBlF"} 
[2020-10-26T17:15:23.818] [INFO] logConsole -  GET - /socket.io/?EIO=3&transport=polling&t=NLaCDSd - {"EIO":"3","transport":"polling","t":"NLaCDSd"} 
[2020-10-26T17:15:30.818] [INFO] logConsole -  GET - /socket.io/?EIO=3&transport=polling&t=NLaCF9_ - {"EIO":"3","transport":"polling","t":"NLaCF9_"} 
[2020-10-26T17:15:37.819] [INFO] logConsole -  GET - /socket.io/?EIO=3&transport=polling&t=NLaCGtN - {"EIO":"3","transport":"polling","t":"NLaCGtN"} 
[2020-10-26T17:15:44.818] [INFO] logConsole -  GET - /socket.io/?EIO=3&transport=polling&t=NLaCIal - {"EIO":"3","transport":"polling","t":"NLaCIal"} 
[2020-10-26T17:15:51.817] [INFO] logConsole -  GET - /socket.io/?EIO=3&transport=polling&t=NLaCKI6 - {"EIO":"3","transport":"polling","t":"NLaCKI6"} 
[2020-10-26T17:15:58.816] [INFO] logConsole -  GET - /socket.io/?EIO=3&transport=polling&t=NLaCL_U - {"EIO":"3","transport":"polling","t":"NLaCL_U"} 
[2020-10-26T17:16:05.818] [INFO] logConsole -  GET - /socket.io/?EIO=3&transport=polling&t=NLaCNis - {"EIO":"3","transport":"polling","t":"NLaCNis"} 
[2020-10-26T17:16:12.820] [INFO] logConsole -  GET - /socket.io/?EIO=3&transport=polling&t=NLaCPQF - {"EIO":"3","transport":"polling","t":"NLaCPQF"} 
[2020-10-26T17:16:19.818] [INFO] logConsole -  GET - /socket.io/?EIO=3&transport=polling&t=NLaCR7d - {"EIO":"3","transport":"polling","t":"NLaCR7d"} 
[2020-10-26T17:16:26.818] [INFO] logConsole -  GET - /socket.io/?EIO=3&transport=polling&t=NLaCSq_ - {"EIO":"3","transport":"polling","t":"NLaCSq_"} 
[2020-10-26T17:16:33.817] [INFO] logConsole -  GET - /socket.io/?EIO=3&transport=polling&t=NLaCUYN - {"EIO":"3","transport":"polling","t":"NLaCUYN"} 
[2020-10-26T17:16:40.820] [INFO] logConsole -  GET - /socket.io/?EIO=3&transport=polling&t=NLaCWFl - {"EIO":"3","transport":"polling","t":"NLaCWFl"} 
[2020-10-26T17:16:47.819] [INFO] logConsole -  GET - /socket.io/?EIO=3&transport=polling&t=NLaCXz7 - {"EIO":"3","transport":"polling","t":"NLaCXz7"} 
[2020-10-26T17:16:54.817] [INFO] logConsole -  GET - /socket.io/?EIO=3&transport=polling&t=NLaCZgU - {"EIO":"3","transport":"polling","t":"NLaCZgU"} 
[2020-10-26T17:17:01.822] [INFO] logConsole -  GET - /socket.io/?EIO=3&transport=polling&t=NLaCbNt - {"EIO":"3","transport":"polling","t":"NLaCbNt"} 
[2020-10-26T17:17:08.822] [INFO] logConsole -  GET - /socket.io/?EIO=3&transport=polling&t=NLaCd5F - {"EIO":"3","transport":"polling","t":"NLaCd5F"} 
[2020-10-26T17:17:15.819] [INFO] logConsole -  GET - /socket.io/?EIO=3&transport=polling&t=NLaCeod - {"EIO":"3","transport":"polling","t":"NLaCeod"} 
[2020-10-26T17:17:22.818] [INFO] logConsole -  GET - /socket.io/?EIO=3&transport=polling&t=NLaCgV- - {"EIO":"3","transport":"polling","t":"NLaCgV-"} 
[2020-10-26T17:17:29.818] [INFO] logConsole -  GET - /socket.io/?EIO=3&transport=polling&t=NLaCiDM - {"EIO":"3","transport":"polling","t":"NLaCiDM"} 
[2020-10-26T17:17:36.833] [INFO] logConsole -  GET - /socket.io/?EIO=3&transport=polling&t=NLaCjwl - {"EIO":"3","transport":"polling","t":"NLaCjwl"} 
[2020-10-26T17:17:43.819] [INFO] logConsole -  GET - /socket.io/?EIO=3&transport=polling&t=NLaCle7 - {"EIO":"3","transport":"polling","t":"NLaCle7"} 
[2020-10-26T17:17:50.822] [INFO] logConsole -  GET - /socket.io/?EIO=3&transport=polling&t=NLaCnLU - {"EIO":"3","transport":"polling","t":"NLaCnLU"} 
[2020-10-26T17:17:57.823] [INFO] logConsole -  GET - /socket.io/?EIO=3&transport=polling&t=NLaCp2t - {"EIO":"3","transport":"polling","t":"NLaCp2t"} 
[2020-10-26T17:18:04.818] [INFO] logConsole -  GET - /socket.io/?EIO=3&transport=polling&t=NLaCqmF - {"EIO":"3","transport":"polling","t":"NLaCqmF"} 
[2020-10-26T17:18:11.818] [INFO] logConsole -  GET - /socket.io/?EIO=3&transport=polling&t=NLaCsTc - {"EIO":"3","transport":"polling","t":"NLaCsTc"} 
[2020-10-26T17:18:18.817] [INFO] logConsole -  GET - /socket.io/?EIO=3&transport=polling&t=NLaCuA- - {"EIO":"3","transport":"polling","t":"NLaCuA-"} 
[2020-10-26T17:18:25.822] [INFO] logConsole -  GET - /socket.io/?EIO=3&transport=polling&t=NLaCvuN - {"EIO":"3","transport":"polling","t":"NLaCvuN"} 
[2020-10-26T17:18:32.821] [INFO] logConsole -  GET - /socket.io/?EIO=3&transport=polling&t=NLaCxbm - {"EIO":"3","transport":"polling","t":"NLaCxbm"} 
[2020-10-26T17:18:39.818] [INFO] logConsole -  GET - /socket.io/?EIO=3&transport=polling&t=NLaCzJ7 - {"EIO":"3","transport":"polling","t":"NLaCzJ7"} 
[2020-10-26T17:18:46.817] [INFO] logConsole -  GET - /socket.io/?EIO=3&transport=polling&t=NLaC_0U - {"EIO":"3","transport":"polling","t":"NLaC_0U"} 
[2020-10-26T17:19:15.833] [INFO] logConsole -  GET - /socket.io/?EIO=3&transport=polling&t=NLaD65f - {"EIO":"3","transport":"polling","t":"NLaD65f"} 
[2020-10-26T17:19:22.819] [INFO] logConsole -  GET - /socket.io/?EIO=3&transport=polling&t=NLaD7o_ - {"EIO":"3","transport":"polling","t":"NLaD7o_"} 
[2020-10-26T17:19:29.817] [INFO] logConsole -  GET - /socket.io/?EIO=3&transport=polling&t=NLaD9WM - {"EIO":"3","transport":"polling","t":"NLaD9WM"} 
[2020-10-26T17:19:36.818] [INFO] logConsole -  GET - /socket.io/?EIO=3&transport=polling&t=NLaDBDl - {"EIO":"3","transport":"polling","t":"NLaDBDl"} 
[2020-10-26T17:19:43.844] [INFO] logConsole -  GET - /socket.io/?EIO=3&transport=polling&t=NLaDCxA - {"EIO":"3","transport":"polling","t":"NLaDCxA"} 
[2020-10-26T17:19:50.821] [INFO] logConsole -  GET - /socket.io/?EIO=3&transport=polling&t=NLaDEeV - {"EIO":"3","transport":"polling","t":"NLaDEeV"} 
[2020-10-26T17:19:57.818] [INFO] logConsole -  GET - /socket.io/?EIO=3&transport=polling&t=NLaDGLs - {"EIO":"3","transport":"polling","t":"NLaDGLs"} 
[2020-10-26T17:20:04.817] [INFO] logConsole -  GET - /socket.io/?EIO=3&transport=polling&t=NLaDI3E - {"EIO":"3","transport":"polling","t":"NLaDI3E"} 
[2020-10-26T17:20:11.822] [INFO] logConsole -  GET - /socket.io/?EIO=3&transport=polling&t=NLaDJmd - {"EIO":"3","transport":"polling","t":"NLaDJmd"} 
[2020-10-26T17:20:18.819] [INFO] logConsole -  GET - /socket.io/?EIO=3&transport=polling&t=NLaDLT_ - {"EIO":"3","transport":"polling","t":"NLaDLT_"} 
[2020-10-26T17:20:25.819] [INFO] logConsole -  GET - /socket.io/?EIO=3&transport=polling&t=NLaDNBM - {"EIO":"3","transport":"polling","t":"NLaDNBM"} 
[2020-10-26T17:20:32.818] [INFO] logConsole -  GET - /socket.io/?EIO=3&transport=polling&t=NLaDOuk - {"EIO":"3","transport":"polling","t":"NLaDOuk"} 
[2020-10-26T17:20:39.819] [INFO] logConsole -  GET - /socket.io/?EIO=3&transport=polling&t=NLaDQc7 - {"EIO":"3","transport":"polling","t":"NLaDQc7"} 
[2020-10-26T17:20:46.818] [INFO] logConsole -  GET - /socket.io/?EIO=3&transport=polling&t=NLaDSJV - {"EIO":"3","transport":"polling","t":"NLaDSJV"} 
[2020-10-26T17:20:53.818] [INFO] logConsole -  GET - /socket.io/?EIO=3&transport=polling&t=NLaDU0s - {"EIO":"3","transport":"polling","t":"NLaDU0s"} 
[2020-10-26T17:21:00.818] [INFO] logConsole -  GET - /socket.io/?EIO=3&transport=polling&t=NLaDVkE - {"EIO":"3","transport":"polling","t":"NLaDVkE"} 
[2020-10-26T17:21:07.818] [INFO] logConsole -  GET - /socket.io/?EIO=3&transport=polling&t=NLaDXRc - {"EIO":"3","transport":"polling","t":"NLaDXRc"} 
[2020-10-26T17:21:14.819] [INFO] logConsole -  GET - /socket.io/?EIO=3&transport=polling&t=NLaDZ8_ - {"EIO":"3","transport":"polling","t":"NLaDZ8_"} 
[2020-10-26T17:22:49.821] [INFO] logConsole -  GET - /socket.io/?EIO=3&transport=polling&t=NLaDwLM - {"EIO":"3","transport":"polling","t":"NLaDwLM"} 
[2020-10-26T17:22:56.544] [INFO] logConsole -  POST - /api/login - {"userName":"1","password":"1"} 
[2020-10-26T17:22:56.819] [INFO] logConsole -  GET - /socket.io/?EIO=3&transport=polling&t=NLaDy2l - {"EIO":"3","transport":"polling","t":"NLaDy2l"} 
[2020-10-26T17:23:03.819] [INFO] logConsole -  GET - /socket.io/?EIO=3&transport=polling&t=NLaDzm6 - {"EIO":"3","transport":"polling","t":"NLaDzm6"} 
