[2020-10-15T08:53:49.152] [INFO] logConsole -  POST - /api/login - {"userName":"admin","password":"123456"} 
[2020-10-15T08:53:56.568] [INFO] logConsole -  POST - /api/login - {"userName":"admin","password":"123"} 
[2020-10-15T08:53:56.931] [INFO] logConsole -  GET - /api/socketOnline? - {} 
[2020-10-15T08:53:57.785] [INFO] logConsole -  GET - /api/getEcharts?pageNum=1&pageSize=100 - {"pageNum":"1","pageSize":"100"} 
[2020-10-15T08:53:59.629] [INFO] logConsole -  GET - /api/getCode?cName=hyTransitionList - {"cName":"hyTransitionList"} 
[2020-10-15T08:54:09.589] [INFO] logConsole -  GET - /api/getEcharts?pageNum=1&pageSize=100 - {"pageNum":"1","pageSize":"100"} 
[2020-10-15T08:54:09.863] [INFO] logConsole -  GET - /api/getCode?cName=hyTransitionList - {"cName":"hyTransitionList"} 
[2020-10-15T08:54:11.185] [INFO] logConsole -  GET - /api/getEcharts?pageNum=1&pageSize=100 - {"pageNum":"1","pageSize":"100"} 
[2020-10-15T08:54:11.489] [INFO] logConsole -  GET - /api/getCode?cName=hyTransitionList - {"cName":"hyTransitionList"} 
[2020-10-15T08:55:25.171] [INFO] logConsole -  GET - /api/socketOnline? - {} 
[2020-10-15T08:55:26.619] [INFO] logConsole -  GET - /api/getEcharts?pageNum=1&pageSize=100 - {"pageNum":"1","pageSize":"100"} 
[2020-10-15T08:55:27.333] [INFO] logConsole -  GET - /api/socketOnline? - {} 
[2020-10-15T08:55:27.658] [INFO] logConsole -  GET - /api/getCode?cName=hyTransitionList - {"cName":"hyTransitionList"} 
[2020-10-15T11:57:17.646] [INFO] logConsole -  GET - /api/socketOnline? - {} 
[2020-10-15T17:10:52.065] [INFO] logConsole -  POST - /api/login - {"userName":"111","password":"11111"} 
[2020-10-15T17:10:54.127] [INFO] logConsole -  POST - /api/register - {"userName":"111","password":"11111"} 
[2020-10-15T17:10:56.928] [INFO] logConsole -  POST - /api/login - {"userName":"111","password":"11111"} 
[2020-10-15T17:10:57.065] [INFO] logConsole -  GET - /api/socketOnline? - {} 
[2020-10-15T17:11:10.027] [INFO] logConsole -  GET - /api/getEcharts?pageNum=1&pageSize=100 - {"pageNum":"1","pageSize":"100"} 
[2020-10-15T17:11:13.318] [INFO] logConsole -  GET - /api/getCode?cName=hyTransitionList - {"cName":"hyTransitionList"} 
[2020-10-15T17:11:15.736] [INFO] logConsole -  GET - /api/getCode?cName=threedTags - {"cName":"threedTags"} 
[2020-10-15T17:11:18.823] [INFO] logConsole -  GET - /api/getCode?cName=scrollTable - {"cName":"scrollTable"} 
[2020-10-15T17:11:19.548] [INFO] logConsole -  GET - /api/getCode?cName=hySelect - {"cName":"hySelect"} 
[2020-10-15T17:11:20.082] [INFO] logConsole -  GET - /api/getCode?cName=hyButton - {"cName":"hyButton"} 
[2020-10-15T17:11:20.718] [INFO] logConsole -  GET - /api/getCode?cName=hyModal - {"cName":"hyModal"} 
[2020-10-15T17:11:23.039] [INFO] logConsole -  GET - /api/getCode?cName=hyForm - {"cName":"hyForm"} 
[2020-10-15T17:11:26.997] [INFO] logConsole -  POST - /api/login - {"userName":"小汪同学","password":"123"} 
[2020-10-15T17:11:27.059] [INFO] logConsole -  GET - /api/socketOnline? - {} 
[2020-10-15T17:11:30.422] [INFO] logConsole -  GET - /api/getCode?uName=observerDOM - {"uName":"observerDOM"} 
[2020-10-15T17:11:33.126] [INFO] logConsole -  GET - /api/socketOnline? - {} 
[2020-10-15T17:11:42.022] [INFO] logConsole -  GET - /api/socketOnline? - {} 
[2020-10-15T17:12:10.199] [INFO] logConsole -  GET - /api/socketOnline? - {} 
[2020-10-15T17:12:18.690] [INFO] logConsole -  POST - /api/login - {"userName":"111","password":"11111"} 
[2020-10-15T17:12:18.809] [INFO] logConsole -  GET - /api/socketOnline? - {} 
[2020-10-15T17:12:22.484] [INFO] logConsole -  GET - /api/socketOnline? - {} 
[2020-10-15T17:12:56.100] [INFO] logConsole -  GET - /api/getEcharts?pageNum=1&pageSize=100 - {"pageNum":"1","pageSize":"100"} 
[2020-10-15T17:13:20.797] [INFO] logConsole -  POST - /api/login - {"userName":"222","password":"2222"} 
[2020-10-15T17:13:21.644] [INFO] logConsole -  POST - /api/register - {"userName":"222","password":"2222"} 
[2020-10-15T17:13:23.025] [INFO] logConsole -  POST - /api/login - {"userName":"222","password":"2222"} 
[2020-10-15T17:13:23.082] [INFO] logConsole -  GET - /api/getEcharts?pageNum=1&pageSize=100 - {"pageNum":"1","pageSize":"100"} 
[2020-10-15T17:13:27.163] [INFO] logConsole -  GET - /api/getCode?cName=hyTransitionList - {"cName":"hyTransitionList"} 
[2020-10-15T17:13:37.505] [INFO] logConsole -  GET - /api/getCode?cName=threedTags - {"cName":"threedTags"} 
[2020-10-15T17:13:41.710] [INFO] logConsole -  GET - /api/getCode?cName=scrollTable - {"cName":"scrollTable"} 
[2020-10-15T17:13:53.700] [INFO] logConsole -  GET - /api/getCode?cName=hySelect - {"cName":"hySelect"} 
[2020-10-15T17:13:59.968] [INFO] logConsole -  GET - /api/getCode?cName=hyButton - {"cName":"hyButton"} 
[2020-10-15T17:14:02.648] [INFO] logConsole -  GET - /api/getCode?cName=hyModal - {"cName":"hyModal"} 
[2020-10-15T17:14:05.295] [INFO] logConsole -  GET - /api/getCode?cName=hyForm - {"cName":"hyForm"} 
[2020-10-15T17:14:34.105] [INFO] logConsole -  GET - /api/getCode?uName=observerDOM - {"uName":"observerDOM"} 
[2020-10-15T17:14:36.174] [INFO] logConsole -  GET - /api/getCode?uName=vuex - {"uName":"vuex"} 
[2020-10-15T17:14:37.119] [INFO] logConsole -  GET - /api/getCode?uName=observerDOM - {"uName":"observerDOM"} 
[2020-10-15T17:14:41.963] [INFO] logConsole -  GET - /api/getCode?uName=vuex - {"uName":"vuex"} 
[2020-10-15T17:14:44.447] [INFO] logConsole -  GET - /api/getCode?uName=links - {"uName":"links"} 
[2020-10-15T17:14:46.971] [INFO] logConsole -  GET - /api/getCode?uName=divEdit - {"uName":"divEdit"} 
[2020-10-15T17:14:53.416] [INFO] logConsole -  GET - /api/socketOnline? - {} 
[2020-10-15T17:14:56.790] [INFO] logConsole -  GET - /api/socketOnline? - {} 
[2020-10-15T17:14:58.550] [INFO] logConsole -  GET - /api/socketOnline? - {} 
[2020-10-15T17:14:59.159] [INFO] logConsole -  GET - /api/socketOnline? - {} 
[2020-10-15T17:14:59.457] [INFO] logConsole -  GET - /api/socketOnline? - {} 
[2020-10-15T17:14:59.709] [INFO] logConsole -  GET - /api/socketOnline? - {} 
[2020-10-15T17:15:00.123] [INFO] logConsole -  GET - /api/socketOnline? - {} 
[2020-10-15T17:15:00.477] [INFO] logConsole -  GET - /api/socketOnline? - {} 
[2020-10-15T17:15:00.835] [INFO] logConsole -  GET - /api/socketOnline? - {} 
[2020-10-15T17:15:40.699] [INFO] logConsole -  GET - /api/socketOnline - {} 
[2020-10-15T17:15:49.184] [INFO] logConsole -  GET - /api/socketOnline - {} 
[2020-10-15T17:16:17.652] [INFO] logConsole -  GET - /api/socketOnline? - {} 
[2020-10-15T17:16:32.270] [INFO] logConsole -  GET - /api/socketOnline? - {} 
[2020-10-15T17:16:33.669] [INFO] logConsole -  GET - /api/socketOnline? - {} 
[2020-10-15T17:16:35.066] [INFO] logConsole -  GET - /api/socketOnline? - {} 
[2020-10-15T17:16:54.583] [INFO] logConsole -  GET - /api/socketOnline? - {} 
[2020-10-15T17:16:56.579] [INFO] logConsole -  GET - /api/socketOnline? - {} 
[2020-10-15T17:16:56.925] [INFO] logConsole -  GET - /api/socketOnline? - {} 
[2020-10-15T17:16:57.581] [INFO] logConsole -  GET - /api/socketOnline? - {} 
[2020-10-15T17:17:00.531] [INFO] logConsole -  GET - /api/socketOnline? - {} 
[2020-10-15T17:17:11.278] [INFO] logConsole -  GET - /api/getCode?cName=hyTransitionList - {"cName":"hyTransitionList"} 
[2020-10-15T17:17:12.092] [INFO] logConsole -  GET - /api/getEcharts?pageNum=1&pageSize=100 - {"pageNum":"1","pageSize":"100"} 
[2020-10-15T17:23:27.588] [INFO] logConsole -  GET - /api/socketOnline? - {} 
[2020-10-15T17:23:30.536] [INFO] logConsole -  GET - /api/getEcharts?pageNum=1&pageSize=100 - {"pageNum":"1","pageSize":"100"} 
[2020-10-15T17:23:31.245] [INFO] logConsole -  GET - /api/getCode?cName=threedTags - {"cName":"threedTags"} 
